<?xml version="1.0" encoding="UTF-8"?>
<!-- Generated by org.testng.reporters.JUnitReportReporter -->
<testsuite hostname="DESKTOP-LQ7JNM3" failures="0" tests="1" name="com.qa.NSEIndia.tests.HomePageTests" time="12.852" errors="0" timestamp="2025-03-12T07:50:33 IST" skipped="0">
  <testcase classname="com.qa.NSEIndia.tests.HomePageTests" name="selectProductTest" time="12.852"/>
</testsuite> <!-- com.qa.NSEIndia.tests.HomePageTests -->
