<?xml version="1.0" encoding="UTF-8"?>
<!-- Generated by org.testng.reporters.JUnitReportReporter -->
<testsuite hostname="DESKTOP-LQ7JNM3" failures="0" tests="1" name="com.qa.NSEIndia.tests.HomePageTests" time="0.095" errors="0" timestamp="2025-03-13T21:05:34 IST" skipped="0">
  <testcase classname="com.qa.NSEIndia.tests.HomePageTests" name="checkNifty50LinkExistTest" time="0.095"/>
</testsuite> <!-- com.qa.NSEIndia.tests.HomePageTests -->
